<?xml version="1.0" encoding="UTF-8"?>
<testsuite xmlns:xsi="http://www.w3.org/2001/XMLSchema-instance" xsi:noNamespaceSchemaLocation="https://maven.apache.org/surefire/maven-surefire-plugin/xsd/surefire-test-report.xsd" name="uuidTest" time="5.073" tests="4" errors="0" skipped="0" failures="0">
  <properties>
    <property name="sun.desktop" value="windows"/>
    <property name="awt.toolkit" value="sun.awt.windows.WToolkit"/>
    <property name="file.encoding.pkg" value="sun.io"/>
    <property name="java.specification.version" value="1.8"/>
    <property name="sun.cpu.isalist" value="amd64"/>
    <property name="sun.jnu.encoding" value="GBK"/>
    <property name="java.class.path" value="F:\mavendemob2b (3)\b2b-account\b2b-account-service\target\test-classes;F:\mavendemob2b (3)\b2b-account\b2b-account-service\target\classes;D:\maven\localmaven\org\springframework\boot\spring-boot-starter\2.0.1.RELEASE\spring-boot-starter-2.0.1.RELEASE.jar;D:\maven\localmaven\org\springframework\boot\spring-boot\2.1.1.RELEASE\spring-boot-2.1.1.RELEASE.jar;D:\maven\localmaven\org\springframework\spring-context\5.1.3.RELEASE\spring-context-5.1.3.RELEASE.jar;D:\maven\localmaven\org\springframework\boot\spring-boot-autoconfigure\2.1.1.RELEASE\spring-boot-autoconfigure-2.1.1.RELEASE.jar;D:\maven\localmaven\org\springframework\boot\spring-boot-starter-logging\2.1.1.RELEASE\spring-boot-starter-logging-2.1.1.RELEASE.jar;D:\maven\localmaven\ch\qos\logback\logback-classic\1.2.3\logback-classic-1.2.3.jar;D:\maven\localmaven\ch\qos\logback\logback-core\1.2.3\logback-core-1.2.3.jar;D:\maven\localmaven\org\apache\logging\log4j\log4j-to-slf4j\2.11.1\log4j-to-slf4j-2.11.1.jar;D:\maven\localmaven\org\apache\logging\log4j\log4j-api\2.11.1\log4j-api-2.11.1.jar;D:\maven\localmaven\org\slf4j\jul-to-slf4j\1.7.25\jul-to-slf4j-1.7.25.jar;D:\maven\localmaven\javax\annotation\javax.annotation-api\1.3.2\javax.annotation-api-1.3.2.jar;D:\maven\localmaven\org\springframework\spring-core\5.1.3.RELEASE\spring-core-5.1.3.RELEASE.jar;D:\maven\localmaven\org\springframework\spring-jcl\5.1.3.RELEASE\spring-jcl-5.1.3.RELEASE.jar;D:\maven\localmaven\org\yaml\snakeyaml\1.23\snakeyaml-1.23.jar;D:\maven\localmaven\org\springframework\boot\spring-boot-starter-web\2.1.1.RELEASE\spring-boot-starter-web-2.1.1.RELEASE.jar;D:\maven\localmaven\org\springframework\boot\spring-boot-starter-json\2.1.1.RELEASE\spring-boot-starter-json-2.1.1.RELEASE.jar;D:\maven\localmaven\com\fasterxml\jackson\core\jackson-databind\2.9.7\jackson-databind-2.9.7.jar;D:\maven\localmaven\com\fasterxml\jackson\core\jackson-annotations\2.9.0\jackson-annotations-2.9.0.jar;D:\maven\localmaven\com\fasterxml\jackson\core\jackson-core\2.9.7\jackson-core-2.9.7.jar;D:\maven\localmaven\com\fasterxml\jackson\datatype\jackson-datatype-jdk8\2.9.7\jackson-datatype-jdk8-2.9.7.jar;D:\maven\localmaven\com\fasterxml\jackson\datatype\jackson-datatype-jsr310\2.9.7\jackson-datatype-jsr310-2.9.7.jar;D:\maven\localmaven\com\fasterxml\jackson\module\jackson-module-parameter-names\2.9.7\jackson-module-parameter-names-2.9.7.jar;D:\maven\localmaven\org\springframework\boot\spring-boot-starter-tomcat\2.1.1.RELEASE\spring-boot-starter-tomcat-2.1.1.RELEASE.jar;D:\maven\localmaven\org\apache\tomcat\embed\tomcat-embed-core\9.0.13\tomcat-embed-core-9.0.13.jar;D:\maven\localmaven\org\apache\tomcat\embed\tomcat-embed-el\9.0.13\tomcat-embed-el-9.0.13.jar;D:\maven\localmaven\org\apache\tomcat\embed\tomcat-embed-websocket\9.0.13\tomcat-embed-websocket-9.0.13.jar;D:\maven\localmaven\org\hibernate\validator\hibernate-validator\6.0.13.Final\hibernate-validator-6.0.13.Final.jar;D:\maven\localmaven\javax\validation\validation-api\2.0.1.Final\validation-api-2.0.1.Final.jar;D:\maven\localmaven\org\jboss\logging\jboss-logging\3.3.2.Final\jboss-logging-3.3.2.Final.jar;D:\maven\localmaven\com\fasterxml\classmate\1.4.0\classmate-1.4.0.jar;D:\maven\localmaven\org\springframework\spring-web\5.1.3.RELEASE\spring-web-5.1.3.RELEASE.jar;D:\maven\localmaven\org\springframework\spring-beans\5.1.3.RELEASE\spring-beans-5.1.3.RELEASE.jar;D:\maven\localmaven\org\springframework\spring-webmvc\5.1.3.RELEASE\spring-webmvc-5.1.3.RELEASE.jar;D:\maven\localmaven\org\springframework\spring-expression\5.1.3.RELEASE\spring-expression-5.1.3.RELEASE.jar;D:\maven\localmaven\org\springframework\boot\spring-boot-starter-thymeleaf\2.1.1.RELEASE\spring-boot-starter-thymeleaf-2.1.1.RELEASE.jar;D:\maven\localmaven\org\thymeleaf\thymeleaf-spring5\3.0.11.RELEASE\thymeleaf-spring5-3.0.11.RELEASE.jar;D:\maven\localmaven\org\thymeleaf\thymeleaf\3.0.11.RELEASE\thymeleaf-3.0.11.RELEASE.jar;D:\maven\localmaven\org\attoparser\attoparser\2.0.5.RELEASE\attoparser-2.0.5.RELEASE.jar;D:\maven\localmaven\org\unbescape\unbescape\1.1.6.RELEASE\unbescape-1.1.6.RELEASE.jar;D:\maven\localmaven\org\thymeleaf\extras\thymeleaf-extras-java8time\3.0.2.RELEASE\thymeleaf-extras-java8time-3.0.2.RELEASE.jar;D:\maven\localmaven\org\mybatis\spring\boot\mybatis-spring-boot-starter\1.3.2\mybatis-spring-boot-starter-1.3.2.jar;D:\maven\localmaven\org\springframework\boot\spring-boot-starter-jdbc\2.1.1.RELEASE\spring-boot-starter-jdbc-2.1.1.RELEASE.jar;D:\maven\localmaven\com\zaxxer\HikariCP\3.2.0\HikariCP-3.2.0.jar;D:\maven\localmaven\org\springframework\spring-jdbc\5.1.3.RELEASE\spring-jdbc-5.1.3.RELEASE.jar;D:\maven\localmaven\org\springframework\spring-tx\5.1.3.RELEASE\spring-tx-5.1.3.RELEASE.jar;D:\maven\localmaven\org\mybatis\spring\boot\mybatis-spring-boot-autoconfigure\1.3.2\mybatis-spring-boot-autoconfigure-1.3.2.jar;D:\maven\localmaven\org\mybatis\mybatis\3.4.6\mybatis-3.4.6.jar;D:\maven\localmaven\org\mybatis\mybatis-spring\1.3.2\mybatis-spring-1.3.2.jar;D:\maven\localmaven\mysql\mysql-connector-java\8.0.13\mysql-connector-java-8.0.13.jar;D:\maven\localmaven\com\microsoft\sqlserver\sqljdbc4\4.0\sqljdbc4-4.0.jar;D:\maven\localmaven\com\alibaba\druid-spring-boot-starter\1.1.14\druid-spring-boot-starter-1.1.14.jar;D:\maven\localmaven\com\alibaba\druid\1.1.14\druid-1.1.14.jar;D:\maven\localmaven\org\slf4j\slf4j-api\1.7.25\slf4j-api-1.7.25.jar;D:\maven\localmaven\org\springframework\boot\spring-boot-starter-aop\2.1.1.RELEASE\spring-boot-starter-aop-2.1.1.RELEASE.jar;D:\maven\localmaven\org\springframework\spring-aop\5.1.3.RELEASE\spring-aop-5.1.3.RELEASE.jar;D:\maven\localmaven\log4j\log4j\1.2.17\log4j-1.2.17.jar;D:\maven\localmaven\org\aspectj\aspectjrt\1.8.13\aspectjrt-1.8.13.jar;D:\maven\localmaven\org\aspectj\aspectjweaver\1.8.13\aspectjweaver-1.8.13.jar;D:\maven\localmaven\cglib\cglib\2.2.2\cglib-2.2.2.jar;D:\maven\localmaven\asm\asm\3.3.1\asm-3.3.1.jar;D:\maven\localmaven\org\springframework\boot\spring-boot-starter-test\2.1.1.RELEASE\spring-boot-starter-test-2.1.1.RELEASE.jar;D:\maven\localmaven\org\springframework\boot\spring-boot-test\2.1.1.RELEASE\spring-boot-test-2.1.1.RELEASE.jar;D:\maven\localmaven\org\springframework\boot\spring-boot-test-autoconfigure\2.1.1.RELEASE\spring-boot-test-autoconfigure-2.1.1.RELEASE.jar;D:\maven\localmaven\com\jayway\jsonpath\json-path\2.4.0\json-path-2.4.0.jar;D:\maven\localmaven\net\minidev\json-smart\2.3\json-smart-2.3.jar;D:\maven\localmaven\net\minidev\accessors-smart\1.2\accessors-smart-1.2.jar;D:\maven\localmaven\org\ow2\asm\asm\5.0.4\asm-5.0.4.jar;D:\maven\localmaven\junit\junit\4.12\junit-4.12.jar;D:\maven\localmaven\org\assertj\assertj-core\3.11.1\assertj-core-3.11.1.jar;D:\maven\localmaven\org\mockito\mockito-core\2.23.4\mockito-core-2.23.4.jar;D:\maven\localmaven\net\bytebuddy\byte-buddy\1.9.5\byte-buddy-1.9.5.jar;D:\maven\localmaven\net\bytebuddy\byte-buddy-agent\1.9.5\byte-buddy-agent-1.9.5.jar;D:\maven\localmaven\org\objenesis\objenesis\2.6\objenesis-2.6.jar;D:\maven\localmaven\org\hamcrest\hamcrest-core\1.3\hamcrest-core-1.3.jar;D:\maven\localmaven\org\hamcrest\hamcrest-library\1.3\hamcrest-library-1.3.jar;D:\maven\localmaven\org\skyscreamer\jsonassert\1.5.0\jsonassert-1.5.0.jar;D:\maven\localmaven\com\vaadin\external\google\android-json\0.0.20131108.vaadin1\android-json-0.0.20131108.vaadin1.jar;D:\maven\localmaven\org\springframework\spring-test\5.1.3.RELEASE\spring-test-5.1.3.RELEASE.jar;D:\maven\localmaven\org\xmlunit\xmlunit-core\2.6.2\xmlunit-core-2.6.2.jar;D:\maven\localmaven\org\apache\shiro\shiro-core\1.2.2\shiro-core-1.2.2.jar;D:\maven\localmaven\commons-beanutils\commons-beanutils\1.8.3\commons-beanutils-1.8.3.jar;D:\maven\localmaven\org\apache\shiro\shiro-spring\1.2.2\shiro-spring-1.2.2.jar;D:\maven\localmaven\org\apache\shiro\shiro-web\1.2.2\shiro-web-1.2.2.jar;D:\maven\localmaven\org\apache\shiro\shiro-ehcache\1.2.2\shiro-ehcache-1.2.2.jar;D:\maven\localmaven\net\sf\ehcache\ehcache-core\2.5.0\ehcache-core-2.5.0.jar;"/>
    <property name="java.vm.vendor" value="Oracle Corporation"/>
    <property name="sun.arch.data.model" value="64"/>
    <property name="user.variant" value=""/>
    <property name="java.vendor.url" value="http://java.oracle.com/"/>
    <property name="user.timezone" value="Asia/Shanghai"/>
    <property name="java.vm.specification.version" value="1.8"/>
    <property name="os.name" value="Windows 7"/>
    <property name="user.country" value="CN"/>
    <property name="sun.java.launcher" value="SUN_STANDARD"/>
    <property name="sun.boot.library.path" value="E:\java\jdk\jre\bin"/>
    <property name="sun.java.command" value="C:\Users\ADMINI~1\AppData\Local\Temp\surefire728484033644194203\surefirebooter4041912373591343654.jar C:\Users\Administrator\AppData\Local\Temp\surefire728484033644194203 2020-08-11T09-56-19_616-jvmRun1 surefire4611446573445388621tmp surefire_0780278626489946198tmp"/>
    <property name="surefire.test.class.path" value="F:\mavendemob2b (3)\b2b-account\b2b-account-service\target\test-classes;F:\mavendemob2b (3)\b2b-account\b2b-account-service\target\classes;D:\maven\localmaven\org\springframework\boot\spring-boot-starter\2.0.1.RELEASE\spring-boot-starter-2.0.1.RELEASE.jar;D:\maven\localmaven\org\springframework\boot\spring-boot\2.1.1.RELEASE\spring-boot-2.1.1.RELEASE.jar;D:\maven\localmaven\org\springframework\spring-context\5.1.3.RELEASE\spring-context-5.1.3.RELEASE.jar;D:\maven\localmaven\org\springframework\boot\spring-boot-autoconfigure\2.1.1.RELEASE\spring-boot-autoconfigure-2.1.1.RELEASE.jar;D:\maven\localmaven\org\springframework\boot\spring-boot-starter-logging\2.1.1.RELEASE\spring-boot-starter-logging-2.1.1.RELEASE.jar;D:\maven\localmaven\ch\qos\logback\logback-classic\1.2.3\logback-classic-1.2.3.jar;D:\maven\localmaven\ch\qos\logback\logback-core\1.2.3\logback-core-1.2.3.jar;D:\maven\localmaven\org\apache\logging\log4j\log4j-to-slf4j\2.11.1\log4j-to-slf4j-2.11.1.jar;D:\maven\localmaven\org\apache\logging\log4j\log4j-api\2.11.1\log4j-api-2.11.1.jar;D:\maven\localmaven\org\slf4j\jul-to-slf4j\1.7.25\jul-to-slf4j-1.7.25.jar;D:\maven\localmaven\javax\annotation\javax.annotation-api\1.3.2\javax.annotation-api-1.3.2.jar;D:\maven\localmaven\org\springframework\spring-core\5.1.3.RELEASE\spring-core-5.1.3.RELEASE.jar;D:\maven\localmaven\org\springframework\spring-jcl\5.1.3.RELEASE\spring-jcl-5.1.3.RELEASE.jar;D:\maven\localmaven\org\yaml\snakeyaml\1.23\snakeyaml-1.23.jar;D:\maven\localmaven\org\springframework\boot\spring-boot-starter-web\2.1.1.RELEASE\spring-boot-starter-web-2.1.1.RELEASE.jar;D:\maven\localmaven\org\springframework\boot\spring-boot-starter-json\2.1.1.RELEASE\spring-boot-starter-json-2.1.1.RELEASE.jar;D:\maven\localmaven\com\fasterxml\jackson\core\jackson-databind\2.9.7\jackson-databind-2.9.7.jar;D:\maven\localmaven\com\fasterxml\jackson\core\jackson-annotations\2.9.0\jackson-annotations-2.9.0.jar;D:\maven\localmaven\com\fasterxml\jackson\core\jackson-core\2.9.7\jackson-core-2.9.7.jar;D:\maven\localmaven\com\fasterxml\jackson\datatype\jackson-datatype-jdk8\2.9.7\jackson-datatype-jdk8-2.9.7.jar;D:\maven\localmaven\com\fasterxml\jackson\datatype\jackson-datatype-jsr310\2.9.7\jackson-datatype-jsr310-2.9.7.jar;D:\maven\localmaven\com\fasterxml\jackson\module\jackson-module-parameter-names\2.9.7\jackson-module-parameter-names-2.9.7.jar;D:\maven\localmaven\org\springframework\boot\spring-boot-starter-tomcat\2.1.1.RELEASE\spring-boot-starter-tomcat-2.1.1.RELEASE.jar;D:\maven\localmaven\org\apache\tomcat\embed\tomcat-embed-core\9.0.13\tomcat-embed-core-9.0.13.jar;D:\maven\localmaven\org\apache\tomcat\embed\tomcat-embed-el\9.0.13\tomcat-embed-el-9.0.13.jar;D:\maven\localmaven\org\apache\tomcat\embed\tomcat-embed-websocket\9.0.13\tomcat-embed-websocket-9.0.13.jar;D:\maven\localmaven\org\hibernate\validator\hibernate-validator\6.0.13.Final\hibernate-validator-6.0.13.Final.jar;D:\maven\localmaven\javax\validation\validation-api\2.0.1.Final\validation-api-2.0.1.Final.jar;D:\maven\localmaven\org\jboss\logging\jboss-logging\3.3.2.Final\jboss-logging-3.3.2.Final.jar;D:\maven\localmaven\com\fasterxml\classmate\1.4.0\classmate-1.4.0.jar;D:\maven\localmaven\org\springframework\spring-web\5.1.3.RELEASE\spring-web-5.1.3.RELEASE.jar;D:\maven\localmaven\org\springframework\spring-beans\5.1.3.RELEASE\spring-beans-5.1.3.RELEASE.jar;D:\maven\localmaven\org\springframework\spring-webmvc\5.1.3.RELEASE\spring-webmvc-5.1.3.RELEASE.jar;D:\maven\localmaven\org\springframework\spring-expression\5.1.3.RELEASE\spring-expression-5.1.3.RELEASE.jar;D:\maven\localmaven\org\springframework\boot\spring-boot-starter-thymeleaf\2.1.1.RELEASE\spring-boot-starter-thymeleaf-2.1.1.RELEASE.jar;D:\maven\localmaven\org\thymeleaf\thymeleaf-spring5\3.0.11.RELEASE\thymeleaf-spring5-3.0.11.RELEASE.jar;D:\maven\localmaven\org\thymeleaf\thymeleaf\3.0.11.RELEASE\thymeleaf-3.0.11.RELEASE.jar;D:\maven\localmaven\org\attoparser\attoparser\2.0.5.RELEASE\attoparser-2.0.5.RELEASE.jar;D:\maven\localmaven\org\unbescape\unbescape\1.1.6.RELEASE\unbescape-1.1.6.RELEASE.jar;D:\maven\localmaven\org\thymeleaf\extras\thymeleaf-extras-java8time\3.0.2.RELEASE\thymeleaf-extras-java8time-3.0.2.RELEASE.jar;D:\maven\localmaven\org\mybatis\spring\boot\mybatis-spring-boot-starter\1.3.2\mybatis-spring-boot-starter-1.3.2.jar;D:\maven\localmaven\org\springframework\boot\spring-boot-starter-jdbc\2.1.1.RELEASE\spring-boot-starter-jdbc-2.1.1.RELEASE.jar;D:\maven\localmaven\com\zaxxer\HikariCP\3.2.0\HikariCP-3.2.0.jar;D:\maven\localmaven\org\springframework\spring-jdbc\5.1.3.RELEASE\spring-jdbc-5.1.3.RELEASE.jar;D:\maven\localmaven\org\springframework\spring-tx\5.1.3.RELEASE\spring-tx-5.1.3.RELEASE.jar;D:\maven\localmaven\org\mybatis\spring\boot\mybatis-spring-boot-autoconfigure\1.3.2\mybatis-spring-boot-autoconfigure-1.3.2.jar;D:\maven\localmaven\org\mybatis\mybatis\3.4.6\mybatis-3.4.6.jar;D:\maven\localmaven\org\mybatis\mybatis-spring\1.3.2\mybatis-spring-1.3.2.jar;D:\maven\localmaven\mysql\mysql-connector-java\8.0.13\mysql-connector-java-8.0.13.jar;D:\maven\localmaven\com\microsoft\sqlserver\sqljdbc4\4.0\sqljdbc4-4.0.jar;D:\maven\localmaven\com\alibaba\druid-spring-boot-starter\1.1.14\druid-spring-boot-starter-1.1.14.jar;D:\maven\localmaven\com\alibaba\druid\1.1.14\druid-1.1.14.jar;D:\maven\localmaven\org\slf4j\slf4j-api\1.7.25\slf4j-api-1.7.25.jar;D:\maven\localmaven\org\springframework\boot\spring-boot-starter-aop\2.1.1.RELEASE\spring-boot-starter-aop-2.1.1.RELEASE.jar;D:\maven\localmaven\org\springframework\spring-aop\5.1.3.RELEASE\spring-aop-5.1.3.RELEASE.jar;D:\maven\localmaven\log4j\log4j\1.2.17\log4j-1.2.17.jar;D:\maven\localmaven\org\aspectj\aspectjrt\1.8.13\aspectjrt-1.8.13.jar;D:\maven\localmaven\org\aspectj\aspectjweaver\1.8.13\aspectjweaver-1.8.13.jar;D:\maven\localmaven\cglib\cglib\2.2.2\cglib-2.2.2.jar;D:\maven\localmaven\asm\asm\3.3.1\asm-3.3.1.jar;D:\maven\localmaven\org\springframework\boot\spring-boot-starter-test\2.1.1.RELEASE\spring-boot-starter-test-2.1.1.RELEASE.jar;D:\maven\localmaven\org\springframework\boot\spring-boot-test\2.1.1.RELEASE\spring-boot-test-2.1.1.RELEASE.jar;D:\maven\localmaven\org\springframework\boot\spring-boot-test-autoconfigure\2.1.1.RELEASE\spring-boot-test-autoconfigure-2.1.1.RELEASE.jar;D:\maven\localmaven\com\jayway\jsonpath\json-path\2.4.0\json-path-2.4.0.jar;D:\maven\localmaven\net\minidev\json-smart\2.3\json-smart-2.3.jar;D:\maven\localmaven\net\minidev\accessors-smart\1.2\accessors-smart-1.2.jar;D:\maven\localmaven\org\ow2\asm\asm\5.0.4\asm-5.0.4.jar;D:\maven\localmaven\junit\junit\4.12\junit-4.12.jar;D:\maven\localmaven\org\assertj\assertj-core\3.11.1\assertj-core-3.11.1.jar;D:\maven\localmaven\org\mockito\mockito-core\2.23.4\mockito-core-2.23.4.jar;D:\maven\localmaven\net\bytebuddy\byte-buddy\1.9.5\byte-buddy-1.9.5.jar;D:\maven\localmaven\net\bytebuddy\byte-buddy-agent\1.9.5\byte-buddy-agent-1.9.5.jar;D:\maven\localmaven\org\objenesis\objenesis\2.6\objenesis-2.6.jar;D:\maven\localmaven\org\hamcrest\hamcrest-core\1.3\hamcrest-core-1.3.jar;D:\maven\localmaven\org\hamcrest\hamcrest-library\1.3\hamcrest-library-1.3.jar;D:\maven\localmaven\org\skyscreamer\jsonassert\1.5.0\jsonassert-1.5.0.jar;D:\maven\localmaven\com\vaadin\external\google\android-json\0.0.20131108.vaadin1\android-json-0.0.20131108.vaadin1.jar;D:\maven\localmaven\org\springframework\spring-test\5.1.3.RELEASE\spring-test-5.1.3.RELEASE.jar;D:\maven\localmaven\org\xmlunit\xmlunit-core\2.6.2\xmlunit-core-2.6.2.jar;D:\maven\localmaven\org\apache\shiro\shiro-core\1.2.2\shiro-core-1.2.2.jar;D:\maven\localmaven\commons-beanutils\commons-beanutils\1.8.3\commons-beanutils-1.8.3.jar;D:\maven\localmaven\org\apache\shiro\shiro-spring\1.2.2\shiro-spring-1.2.2.jar;D:\maven\localmaven\org\apache\shiro\shiro-web\1.2.2\shiro-web-1.2.2.jar;D:\maven\localmaven\org\apache\shiro\shiro-ehcache\1.2.2\shiro-ehcache-1.2.2.jar;D:\maven\localmaven\net\sf\ehcache\ehcache-core\2.5.0\ehcache-core-2.5.0.jar;"/>
    <property name="sun.cpu.endian" value="little"/>
    <property name="user.home" value="C:\Users\Administrator"/>
    <property name="user.language" value="zh"/>
    <property name="java.specification.vendor" value="Oracle Corporation"/>
    <property name="java.home" value="E:\java\jdk\jre"/>
    <property name="basedir" value="F:\mavendemob2b (3)\b2b-account\b2b-account-service"/>
    <property name="file.separator" value="\"/>
    <property name="line.separator" value="&#10;"/>
    <property name="java.vm.specification.vendor" value="Oracle Corporation"/>
    <property name="java.specification.name" value="Java Platform API Specification"/>
    <property name="java.awt.graphicsenv" value="sun.awt.Win32GraphicsEnvironment"/>
    <property name="surefire.real.class.path" value="C:\Users\ADMINI~1\AppData\Local\Temp\surefire728484033644194203\surefirebooter4041912373591343654.jar"/>
    <property name="sun.boot.class.path" value="E:\java\jdk\jre\lib\resources.jar;E:\java\jdk\jre\lib\rt.jar;E:\java\jdk\jre\lib\sunrsasign.jar;E:\java\jdk\jre\lib\jsse.jar;E:\java\jdk\jre\lib\jce.jar;E:\java\jdk\jre\lib\charsets.jar;E:\java\jdk\jre\lib\jfr.jar;E:\java\jdk\jre\classes"/>
    <property name="user.script" value=""/>
    <property name="sun.management.compiler" value="HotSpot 64-Bit Tiered Compilers"/>
    <property name="java.runtime.version" value="1.8.0_131-b11"/>
    <property name="user.name" value="Administrator"/>
    <property name="path.separator" value=";"/>
    <property name="os.version" value="6.1"/>
    <property name="java.endorsed.dirs" value="E:\java\jdk\jre\lib\endorsed"/>
    <property name="java.runtime.name" value="Java(TM) SE Runtime Environment"/>
    <property name="file.encoding" value="GBK"/>
    <property name="java.vm.name" value="Java HotSpot(TM) 64-Bit Server VM"/>
    <property name="localRepository" value="D:\maven\localmaven"/>
    <property name="java.vendor.url.bug" value="http://bugreport.sun.com/bugreport/"/>
    <property name="java.io.tmpdir" value="C:\Users\ADMINI~1\AppData\Local\Temp\"/>
    <property name="java.version" value="1.8.0_131"/>
    <property name="user.dir" value="F:\mavendemob2b (3)\b2b-account\b2b-account-service"/>
    <property name="os.arch" value="amd64"/>
    <property name="java.vm.specification.name" value="Java Virtual Machine Specification"/>
    <property name="java.awt.printerjob" value="sun.awt.windows.WPrinterJob"/>
    <property name="sun.os.patch.level" value="Service Pack 1"/>
    <property name="idea.version2019.3.3" value="true"/>
    <property name="java.library.path" value="E:\java\jdk\jre\bin;C:\Windows\Sun\Java\bin;C:\Windows\system32;C:\Windows;C:\ProgramData\Oracle\Java\javapath;C:\Windows\system32;C:\Windows;C:\Windows\System32\Wbem;C:\Windows\System32\WindowsPowerShell\v1.0\;C:\Program Files (x86)\NVIDIA Corporation\PhysX\Common;C:\Program Files\NVIDIA Corporation\NVIDIA NvDLISR;E:\mysql-5.6.45-winx64\bin;E:\java\jdk\bin;E:\java\jdk\jre\bin;E:\apache\apache-tomcat-8.5.31\bin;D:\Python\WinPyQt5.9-32bit-3.5.3.1\python-3.5.3;D:\Python\WinPyQt5.9-32bit-3.5.3.1\python-3.5.3\Scripts;D:\Python\WinPyQt5.9-32bit-3.5.3.1\python-3.5.3\Lib\site-packages\pyqt5-tools;D:\Sqlite\sqlitetools;D:\maven\apache-maven-3.6.3\bin;D:\node;D:\node\;D:\VSCode\Microsoft VS Code\bin;D:\mysql\mysql5731\bin;F:\Git\cmd;C:\Users\Administrator\AppData\Local\BypassRuntm;C:\Users\Administrator\AppData\Roaming\npm;D:\IntelliJ IDEA 2019.3.3\bin;;C:\Program Files\Bandizip\;."/>
    <property name="java.vm.info" value="mixed mode"/>
    <property name="java.vendor" value="Oracle Corporation"/>
    <property name="java.vm.version" value="25.131-b11"/>
    <property name="java.ext.dirs" value="E:\java\jdk\jre\lib\ext;C:\Windows\Sun\Java\lib\ext"/>
    <property name="sun.io.unicode.encoding" value="UnicodeLittle"/>
    <property name="java.class.version" value="52.0"/>
  </properties>
  <testcase name="test1" classname="uuidTest" time="0.389"/>
  <testcase name="test2" classname="uuidTest" time="0"/>
  <testcase name="test3" classname="uuidTest" time="0.005"/>
  <testcase name="test4" classname="uuidTest" time="0.003"/>
</testsuite>